<?xml version="1.0" encoding="UTF-8"?>
<!-- Generated by org.testng.reporters.JUnitXMLReporter -->
<testsuite hostname="DESKTOP-9J5E8LA" name="Default test" tests="25" failures="0" timestamp="8 Sep 2017 00:44:58 GMT" time="0.262" errors="0">
  <testcase name="@BeforeMethod selectBrowser" time="0.0" classname="com.testing.Cliniops.Cliniops_AutomationScriptsTest">
    <failure type="org.testng.TestNGException" message="
Parameter &amp;apos;browser&amp;apos; is required by @Configuration on method selectBrowser but has not been marked @Optional or defined
in C:\Users\Pallavi\AppData\Local\Temp\testng-eclipse--269026915\testng-customsuite.xml">
      <![CDATA[org.testng.TestNGException: 
Parameter 'browser' is required by @Configuration on method selectBrowser but has not been marked @Optional or defined
in C:\Users\Pallavi\AppData\Local\Temp\testng-eclipse--269026915\testng-customsuite.xml
	at org.testng.internal.Parameters.createParameters(Parameters.java:154)
	at org.testng.internal.Parameters.createParameters(Parameters.java:361)
	at org.testng.internal.Parameters.createConfigurationParameters(Parameters.java:84)
	at org.testng.internal.Invoker.invokeConfigurations(Invoker.java:197)
	at org.testng.internal.Invoker.invokeMethod(Invoker.java:585)
	at org.testng.internal.Invoker.invokeTestMethod(Invoker.java:816)
	at org.testng.internal.Invoker.invokeTestMethods(Invoker.java:1124)
	at org.testng.internal.TestMethodWorker.invokeTestMethods(TestMethodWorker.java:125)
	at org.testng.internal.TestMethodWorker.run(TestMethodWorker.java:108)
	at org.testng.TestRunner.privateRun(TestRunner.java:774)
	at org.testng.TestRunner.run(TestRunner.java:624)
	at org.testng.SuiteRunner.runTest(SuiteRunner.java:359)
	at org.testng.SuiteRunner.runSequentially(SuiteRunner.java:354)
	at org.testng.SuiteRunner.privateRun(SuiteRunner.java:312)
	at org.testng.SuiteRunner.run(SuiteRunner.java:261)
	at org.testng.SuiteRunnerWorker.runSuite(SuiteRunnerWorker.java:52)
	at org.testng.SuiteRunnerWorker.run(SuiteRunnerWorker.java:86)
	at org.testng.TestNG.runSuitesSequentially(TestNG.java:1215)
	at org.testng.TestNG.runSuitesLocally(TestNG.java:1140)
	at org.testng.TestNG.run(TestNG.java:1048)
	at org.testng.remote.AbstractRemoteTestNG.run(AbstractRemoteTestNG.java:132)
	at org.testng.remote.RemoteTestNG.initAndRun(RemoteTestNG.java:230)
	at org.testng.remote.RemoteTestNG.main(RemoteTestNG.java:76)
]]>
    </failure>
  </testcase> <!-- @BeforeMethod selectBrowser -->
  <testcase name="@AfterMethod closeBrowser" time="0.0" classname="com.testing.Cliniops.Cliniops_AutomationScriptsTest">
    <skipped/>
  </testcase> <!-- @AfterMethod closeBrowser -->
  <testcase name="@BeforeMethod selectBrowser" time="0.0" classname="com.testing.Cliniops.Cliniops_AutomationScriptsTest">
    <skipped/>
  </testcase> <!-- @BeforeMethod selectBrowser -->
  <testcase name="@AfterMethod closeBrowser" time="0.0" classname="com.testing.Cliniops.Cliniops_AutomationScriptsTest">
    <skipped/>
  </testcase> <!-- @AfterMethod closeBrowser -->
  <testcase name="@BeforeMethod selectBrowser" time="0.0" classname="com.testing.Cliniops.Cliniops_AutomationScriptsTest">
    <skipped/>
  </testcase> <!-- @BeforeMethod selectBrowser -->
  <testcase name="@AfterMethod closeBrowser" time="0.0" classname="com.testing.Cliniops.Cliniops_AutomationScriptsTest">
    <skipped/>
  </testcase> <!-- @AfterMethod closeBrowser -->
  <testcase name="@BeforeMethod selectBrowser" time="0.0" classname="com.testing.Cliniops.Cliniops_AutomationScriptsTest">
    <skipped/>
  </testcase> <!-- @BeforeMethod selectBrowser -->
  <testcase name="@AfterMethod closeBrowser" time="0.0" classname="com.testing.Cliniops.Cliniops_AutomationScriptsTest">
    <skipped/>
  </testcase> <!-- @AfterMethod closeBrowser -->
  <testcase name="@BeforeMethod selectBrowser" time="0.0" classname="com.testing.Cliniops.Cliniops_AutomationScriptsTest">
    <skipped/>
  </testcase> <!-- @BeforeMethod selectBrowser -->
  <testcase name="@AfterMethod closeBrowser" time="0.0" classname="com.testing.Cliniops.Cliniops_AutomationScriptsTest">
    <skipped/>
  </testcase> <!-- @AfterMethod closeBrowser -->
  <testcase name="@BeforeMethod selectBrowser" time="0.0" classname="com.testing.Cliniops.Cliniops_AutomationScriptsTest">
    <skipped/>
  </testcase> <!-- @BeforeMethod selectBrowser -->
  <testcase name="@AfterMethod closeBrowser" time="0.0" classname="com.testing.Cliniops.Cliniops_AutomationScriptsTest">
    <skipped/>
  </testcase> <!-- @AfterMethod closeBrowser -->
  <testcase name="@BeforeMethod selectBrowser" time="0.0" classname="com.testing.Cliniops.Cliniops_AutomationScriptsTest">
    <skipped/>
  </testcase> <!-- @BeforeMethod selectBrowser -->
  <testcase name="@AfterMethod closeBrowser" time="0.0" classname="com.testing.Cliniops.Cliniops_AutomationScriptsTest">
    <skipped/>
  </testcase> <!-- @AfterMethod closeBrowser -->
  <testcase name="@BeforeMethod selectBrowser" time="0.0" classname="com.testing.Cliniops.Cliniops_AutomationScriptsTest">
    <skipped/>
  </testcase> <!-- @BeforeMethod selectBrowser -->
  <testcase name="@AfterMethod closeBrowser" time="0.0" classname="com.testing.Cliniops.Cliniops_AutomationScriptsTest">
    <skipped/>
  </testcase> <!-- @AfterMethod closeBrowser -->
  <testcase name="@BeforeMethod selectBrowser" time="0.0" classname="com.testing.Cliniops.Cliniops_AutomationScriptsTest">
    <skipped/>
  </testcase> <!-- @BeforeMethod selectBrowser -->
  <testcase name="@AfterMethod closeBrowser" time="0.0" classname="com.testing.Cliniops.Cliniops_AutomationScriptsTest">
    <skipped/>
  </testcase> <!-- @AfterMethod closeBrowser -->
  <testcase name="@BeforeMethod selectBrowser" time="0.0" classname="com.testing.Cliniops.Cliniops_AutomationScriptsTest">
    <skipped/>
  </testcase> <!-- @BeforeMethod selectBrowser -->
  <testcase name="@AfterMethod closeBrowser" time="0.0" classname="com.testing.Cliniops.Cliniops_AutomationScriptsTest">
    <skipped/>
  </testcase> <!-- @AfterMethod closeBrowser -->
  <testcase name="@BeforeMethod selectBrowser" time="0.0" classname="com.testing.Cliniops.Cliniops_AutomationScriptsTest">
    <skipped/>
  </testcase> <!-- @BeforeMethod selectBrowser -->
  <testcase name="@AfterMethod closeBrowser" time="0.0" classname="com.testing.Cliniops.Cliniops_AutomationScriptsTest">
    <skipped/>
  </testcase> <!-- @AfterMethod closeBrowser -->
  <testcase name="@BeforeMethod selectBrowser" time="0.0" classname="com.testing.Cliniops.Cliniops_AutomationScriptsTest">
    <skipped/>
  </testcase> <!-- @BeforeMethod selectBrowser -->
  <testcase name="@AfterMethod closeBrowser" time="0.0" classname="com.testing.Cliniops.Cliniops_AutomationScriptsTest">
    <skipped/>
  </testcase> <!-- @AfterMethod closeBrowser -->
  <testcase name="@BeforeMethod selectBrowser" time="0.0" classname="com.testing.Cliniops.Cliniops_AutomationScriptsTest">
    <skipped/>
  </testcase> <!-- @BeforeMethod selectBrowser -->
  <testcase name="@AfterMethod closeBrowser" time="0.0" classname="com.testing.Cliniops.Cliniops_AutomationScriptsTest">
    <skipped/>
  </testcase> <!-- @AfterMethod closeBrowser -->
  <testcase name="@BeforeMethod selectBrowser" time="0.0" classname="com.testing.Cliniops.Cliniops_AutomationScriptsTest">
    <skipped/>
  </testcase> <!-- @BeforeMethod selectBrowser -->
  <testcase name="@AfterMethod closeBrowser" time="0.0" classname="com.testing.Cliniops.Cliniops_AutomationScriptsTest">
    <skipped/>
  </testcase> <!-- @AfterMethod closeBrowser -->
  <testcase name="@BeforeMethod selectBrowser" time="0.0" classname="com.testing.Cliniops.Cliniops_AutomationScriptsTest">
    <skipped/>
  </testcase> <!-- @BeforeMethod selectBrowser -->
  <testcase name="@AfterMethod closeBrowser" time="0.0" classname="com.testing.Cliniops.Cliniops_AutomationScriptsTest">
    <skipped/>
  </testcase> <!-- @AfterMethod closeBrowser -->
  <testcase name="@BeforeMethod selectBrowser" time="0.0" classname="com.testing.Cliniops.Cliniops_AutomationScriptsTest">
    <skipped/>
  </testcase> <!-- @BeforeMethod selectBrowser -->
  <testcase name="@AfterMethod closeBrowser" time="0.0" classname="com.testing.Cliniops.Cliniops_AutomationScriptsTest">
    <skipped/>
  </testcase> <!-- @AfterMethod closeBrowser -->
  <testcase name="@BeforeMethod selectBrowser" time="0.0" classname="com.testing.Cliniops.Cliniops_AutomationScriptsTest">
    <skipped/>
  </testcase> <!-- @BeforeMethod selectBrowser -->
  <testcase name="@AfterMethod closeBrowser" time="0.0" classname="com.testing.Cliniops.Cliniops_AutomationScriptsTest">
    <skipped/>
  </testcase> <!-- @AfterMethod closeBrowser -->
  <testcase name="@BeforeMethod selectBrowser" time="0.0" classname="com.testing.Cliniops.Cliniops_AutomationScriptsTest">
    <skipped/>
  </testcase> <!-- @BeforeMethod selectBrowser -->
  <testcase name="@AfterMethod closeBrowser" time="0.0" classname="com.testing.Cliniops.Cliniops_AutomationScriptsTest">
    <skipped/>
  </testcase> <!-- @AfterMethod closeBrowser -->
  <testcase name="@BeforeMethod selectBrowser" time="0.0" classname="com.testing.Cliniops.Cliniops_AutomationScriptsTest">
    <skipped/>
  </testcase> <!-- @BeforeMethod selectBrowser -->
  <testcase name="@AfterMethod closeBrowser" time="0.0" classname="com.testing.Cliniops.Cliniops_AutomationScriptsTest">
    <skipped/>
  </testcase> <!-- @AfterMethod closeBrowser -->
  <testcase name="@BeforeMethod selectBrowser" time="0.0" classname="com.testing.Cliniops.Cliniops_AutomationScriptsTest">
    <skipped/>
  </testcase> <!-- @BeforeMethod selectBrowser -->
  <testcase name="@AfterMethod closeBrowser" time="0.0" classname="com.testing.Cliniops.Cliniops_AutomationScriptsTest">
    <skipped/>
  </testcase> <!-- @AfterMethod closeBrowser -->
  <testcase name="@BeforeMethod selectBrowser" time="0.0" classname="com.testing.Cliniops.Cliniops_AutomationScriptsTest">
    <skipped/>
  </testcase> <!-- @BeforeMethod selectBrowser -->
  <testcase name="@AfterMethod closeBrowser" time="0.0" classname="com.testing.Cliniops.Cliniops_AutomationScriptsTest">
    <skipped/>
  </testcase> <!-- @AfterMethod closeBrowser -->
  <testcase name="@BeforeMethod selectBrowser" time="0.0" classname="com.testing.Cliniops.Cliniops_AutomationScriptsTest">
    <skipped/>
  </testcase> <!-- @BeforeMethod selectBrowser -->
  <testcase name="@AfterMethod closeBrowser" time="0.0" classname="com.testing.Cliniops.Cliniops_AutomationScriptsTest">
    <skipped/>
  </testcase> <!-- @AfterMethod closeBrowser -->
  <testcase name="@BeforeMethod selectBrowser" time="0.0" classname="com.testing.Cliniops.Cliniops_AutomationScriptsTest">
    <skipped/>
  </testcase> <!-- @BeforeMethod selectBrowser -->
  <testcase name="@AfterMethod closeBrowser" time="0.0" classname="com.testing.Cliniops.Cliniops_AutomationScriptsTest">
    <skipped/>
  </testcase> <!-- @AfterMethod closeBrowser -->
  <testcase name="@BeforeMethod selectBrowser" time="0.0" classname="com.testing.Cliniops.Cliniops_AutomationScriptsTest">
    <skipped/>
  </testcase> <!-- @BeforeMethod selectBrowser -->
  <testcase name="@AfterMethod closeBrowser" time="0.0" classname="com.testing.Cliniops.Cliniops_AutomationScriptsTest">
    <skipped/>
  </testcase> <!-- @AfterMethod closeBrowser -->
  <testcase name="@BeforeMethod selectBrowser" time="0.0" classname="com.testing.Cliniops.Cliniops_AutomationScriptsTest">
    <skipped/>
  </testcase> <!-- @BeforeMethod selectBrowser -->
  <testcase name="@AfterMethod closeBrowser" time="0.0" classname="com.testing.Cliniops.Cliniops_AutomationScriptsTest">
    <skipped/>
  </testcase> <!-- @AfterMethod closeBrowser -->
  <testcase name="auto_Clini_Confg_001" time="0.007" classname="com.testing.Cliniops.Cliniops_AutomationScriptsTest">
    <skipped/>
  </testcase> <!-- auto_Clini_Confg_001 -->
  <testcase name="auto_Clini_Confg_002" time="0.002" classname="com.testing.Cliniops.Cliniops_AutomationScriptsTest">
    <skipped/>
  </testcase> <!-- auto_Clini_Confg_002 -->
  <testcase name="auto_Clini_Confg_003" time="0.001" classname="com.testing.Cliniops.Cliniops_AutomationScriptsTest">
    <skipped/>
  </testcase> <!-- auto_Clini_Confg_003 -->
  <testcase name="auto_Clini_Confg_004" time="0.004" classname="com.testing.Cliniops.Cliniops_AutomationScriptsTest">
    <skipped/>
  </testcase> <!-- auto_Clini_Confg_004 -->
  <testcase name="auto_Clini_Confg_005" time="0.001" classname="com.testing.Cliniops.Cliniops_AutomationScriptsTest">
    <skipped/>
  </testcase> <!-- auto_Clini_Confg_005 -->
  <testcase name="auto_Clini_Confg_007" time="0.001" classname="com.testing.Cliniops.Cliniops_AutomationScriptsTest">
    <skipped/>
  </testcase> <!-- auto_Clini_Confg_007 -->
  <testcase name="auto_Clini_Confg_008" time="0.001" classname="com.testing.Cliniops.Cliniops_AutomationScriptsTest">
    <skipped/>
  </testcase> <!-- auto_Clini_Confg_008 -->
  <testcase name="auto_Clini_Home_001" time="0.001" classname="com.testing.Cliniops.Cliniops_AutomationScriptsTest">
    <skipped/>
  </testcase> <!-- auto_Clini_Home_001 -->
  <testcase name="auto_Clini_Home_002" time="0.001" classname="com.testing.Cliniops.Cliniops_AutomationScriptsTest">
    <skipped/>
  </testcase> <!-- auto_Clini_Home_002 -->
  <testcase name="auto_Clini_Home_003" time="0.004" classname="com.testing.Cliniops.Cliniops_AutomationScriptsTest">
    <skipped/>
  </testcase> <!-- auto_Clini_Home_003 -->
  <testcase name="auto_Clini_Login_001" time="0.003" classname="com.testing.Cliniops.Cliniops_AutomationScriptsTest">
    <skipped/>
  </testcase> <!-- auto_Clini_Login_001 -->
  <testcase name="auto_Clini_Login_002" time="0.003" classname="com.testing.Cliniops.Cliniops_AutomationScriptsTest">
    <skipped/>
  </testcase> <!-- auto_Clini_Login_002 -->
  <testcase name="auto_Clini_Login_003" time="0.005" classname="com.testing.Cliniops.Cliniops_AutomationScriptsTest">
    <skipped/>
  </testcase> <!-- auto_Clini_Login_003 -->
  <testcase name="auto_Clini_Login_004" time="0.001" classname="com.testing.Cliniops.Cliniops_AutomationScriptsTest">
    <skipped/>
  </testcase> <!-- auto_Clini_Login_004 -->
  <testcase name="auto_Clini_Login_005" time="0.001" classname="com.testing.Cliniops.Cliniops_AutomationScriptsTest">
    <skipped/>
  </testcase> <!-- auto_Clini_Login_005 -->
  <testcase name="auto_Clini_Manage_001" time="0.001" classname="com.testing.Cliniops.Cliniops_AutomationScriptsTest">
    <skipped/>
  </testcase> <!-- auto_Clini_Manage_001 -->
  <testcase name="auto_Clini_Manage_002" time="0.001" classname="com.testing.Cliniops.Cliniops_AutomationScriptsTest">
    <skipped/>
  </testcase> <!-- auto_Clini_Manage_002 -->
  <testcase name="auto_Clini_Manage_003" time="0.001" classname="com.testing.Cliniops.Cliniops_AutomationScriptsTest">
    <skipped/>
  </testcase> <!-- auto_Clini_Manage_003 -->
  <testcase name="auto_Clini_Manage_005" time="0.002" classname="com.testing.Cliniops.Cliniops_AutomationScriptsTest">
    <skipped/>
  </testcase> <!-- auto_Clini_Manage_005 -->
  <testcase name="auto_Clini_Manage_006" time="0.001" classname="com.testing.Cliniops.Cliniops_AutomationScriptsTest">
    <skipped/>
  </testcase> <!-- auto_Clini_Manage_006 -->
  <testcase name="auto_Clini_Manage_007" time="0.0" classname="com.testing.Cliniops.Cliniops_AutomationScriptsTest">
    <skipped/>
  </testcase> <!-- auto_Clini_Manage_007 -->
  <testcase name="auto_Clini_Manage_008" time="0.001" classname="com.testing.Cliniops.Cliniops_AutomationScriptsTest">
    <skipped/>
  </testcase> <!-- auto_Clini_Manage_008 -->
  <testcase name="auto_Clini_Manage_009" time="0.001" classname="com.testing.Cliniops.Cliniops_AutomationScriptsTest">
    <skipped/>
  </testcase> <!-- auto_Clini_Manage_009 -->
  <testcase name="auto_Clini_Manage_010" time="0.009" classname="com.testing.Cliniops.Cliniops_AutomationScriptsTest">
    <skipped/>
  </testcase> <!-- auto_Clini_Manage_010 -->
  <testcase name="auto_Clini_Manage_011" time="0.009" classname="com.testing.Cliniops.Cliniops_AutomationScriptsTest">
    <skipped/>
  </testcase> <!-- auto_Clini_Manage_011 -->
</testsuite> <!-- Default test -->
